{"C:\\Users\\marlo\\Desktop\\instagram\\src\\app.ts": {"path":"C:\\Users\\marlo\\Desktop\\instagram\\src\\app.ts","statementMap":{"0":{"start":{"line":12,"column":0},"end":{"line":12,"column":15}},"1":{"start":{"line":13,"column":12},"end":{"line":13,"column":21}},"2":{"start":{"line":15,"column":0},"end":{"line":15,"column":15}},"3":{"start":{"line":16,"column":0},"end":{"line":16,"column":23}},"4":{"start":{"line":17,"column":0},"end":{"line":17,"column":47}},"5":{"start":{"line":19,"column":0},"end":{"line":19,"column":15}},"6":{"start":{"line":21,"column":0},"end":{"line":21,"column":22}}},"fnMap":{},"branchMap":{},"s":{"0":1,"1":1,"2":1,"3":1,"4":1,"5":1,"6":1},"f":{},"b":{},"_coverageSchema":"1a1c01bbd47fc00a2c39e90264f33305004495a9","hash":"3a57662e70bcfcb1fac9e42dd01f4f877051141f"}
,"C:\\Users\\marlo\\Desktop\\instagram\\src\\config\\database.ts": {"path":"C:\\Users\\marlo\\Desktop\\instagram\\src\\config\\database.ts","statementMap":{"0":{"start":{"line":3,"column":0},"end":{"line":11,"column":1}},"1":{"start":{"line":4,"column":2},"end":{"line":9,"column":4}},"2":{"start":{"line":10,"column":2},"end":{"line":10,"column":35}}},"fnMap":{},"branchMap":{"0":{"loc":{"start":{"line":3,"column":0},"end":{"line":11,"column":1}},"type":"if","locations":[{"start":{"line":3,"column":0},"end":{"line":11,"column":1}},{"start":{"line":3,"column":0},"end":{"line":11,"column":1}}],"line":3}},"s":{"0":1,"1":0,"2":0},"f":{},"b":{"0":[0,1]},"_coverageSchema":"1a1c01bbd47fc00a2c39e90264f33305004495a9","hash":"7efcef1c1c0820eb65df5616e7f210830d133048"}
,"C:\\Users\\marlo\\Desktop\\instagram\\src\\config\\multer.ts": {"path":"C:\\Users\\marlo\\Desktop\\instagram\\src\\config\\multer.ts","statementMap":{"0":{"start":{"line":12,"column":4},"end":{"line":12,"column":32}},"1":{"start":{"line":14,"column":4},"end":{"line":22,"column":6}},"2":{"start":{"line":15,"column":38},"end":{"line":15,"column":58}},"3":{"start":{"line":18,"column":8},"end":{"line":21,"column":9}},"4":{"start":{"line":26,"column":4},"end":{"line":45,"column":5}},"5":{"start":{"line":33,"column":29},"end":{"line":38,"column":9}},"6":{"start":{"line":40,"column":8},"end":{"line":43,"column":9}},"7":{"start":{"line":40,"column":50},"end":{"line":40,"column":64}},"8":{"start":{"line":42,"column":10},"end":{"line":42,"column":52}}},"fnMap":{"0":{"name":"(anonymous_0)","decl":{"start":{"line":11,"column":2},"end":{"line":11,"column":3}},"loc":{"start":{"line":11,"column":34},"end":{"line":23,"column":3}},"line":11},"1":{"name":"(anonymous_1)","decl":{"start":{"line":15,"column":19},"end":{"line":15,"column":20}},"loc":{"start":{"line":15,"column":38},"end":{"line":15,"column":58}},"line":15},"2":{"name":"(anonymous_2)","decl":{"start":{"line":17,"column":16},"end":{"line":17,"column":17}},"loc":{"start":{"line":18,"column":8},"end":{"line":21,"column":9}},"line":18},"3":{"name":"(anonymous_3)","decl":{"start":{"line":25,"column":2},"end":{"line":25,"column":3}},"loc":{"start":{"line":25,"column":33},"end":{"line":46,"column":3}},"line":25},"4":{"name":"(anonymous_4)","decl":{"start":{"line":32,"column":18},"end":{"line":32,"column":19}},"loc":{"start":{"line":32,"column":37},"end":{"line":44,"column":7}},"line":32}},"branchMap":{"0":{"loc":{"start":{"line":40,"column":8},"end":{"line":43,"column":9}},"type":"if","locations":[{"start":{"line":40,"column":8},"end":{"line":43,"column":9}},{"start":{"line":40,"column":8},"end":{"line":43,"column":9}}],"line":40}},"s":{"0":1,"1":1,"2":0,"3":0,"4":1,"5":0,"6":0,"7":0,"8":0},"f":{"0":1,"1":0,"2":0,"3":1,"4":0},"b":{"0":[0,0]},"_coverageSchema":"1a1c01bbd47fc00a2c39e90264f33305004495a9","hash":"00bb833fae81cd21647896052ee247f46b41f3e1"}
,"C:\\Users\\marlo\\Desktop\\instagram\\src\\controllers\\http\\comments.controller.ts": {"path":"C:\\Users\\marlo\\Desktop\\instagram\\src\\controllers\\http\\comments.controller.ts","statementMap":{"0":{"start":{"line":11,"column":24},"end":{"line":35,"column":1}},"1":{"start":{"line":13,"column":4},"end":{"line":17,"column":7}},"2":{"start":{"line":14,"column":6},"end":{"line":17,"column":7}},"3":{"start":{"line":19,"column":4},"end":{"line":19,"column":76}},"4":{"start":{"line":21,"column":36},"end":{"line":21,"column":44}},"5":{"start":{"line":23,"column":28},"end":{"line":25,"column":5}},"6":{"start":{"line":27,"column":20},"end":{"line":31,"column":6}},"7":{"start":{"line":33,"column":4},"end":{"line":33,"column":78}}},"fnMap":{"0":{"name":"(anonymous_0)","decl":{"start":{"line":12,"column":2},"end":{"line":12,"column":3}},"loc":{"start":{"line":12,"column":44},"end":{"line":34,"column":3}},"line":12}},"branchMap":{"0":{"loc":{"start":{"line":13,"column":4},"end":{"line":17,"column":7}},"type":"if","locations":[{"start":{"line":13,"column":4},"end":{"line":17,"column":7}},{"start":{"line":13,"column":4},"end":{"line":17,"column":7}}],"line":13}},"s":{"0":1,"1":0,"2":0,"3":0,"4":0,"5":0,"6":0,"7":0},"f":{"0":0},"b":{"0":[0,0]},"_coverageSchema":"1a1c01bbd47fc00a2c39e90264f33305004495a9","hash":"d21b08ea37d35b85b73531093583a1dfaacfa45c"}
,"C:\\Users\\marlo\\Desktop\\instagram\\src\\controllers\\http\\posts.controller.ts": {"path":"C:\\Users\\marlo\\Desktop\\instagram\\src\\controllers\\http\\posts.controller.ts","statementMap":{"0":{"start":{"line":9,"column":24},"end":{"line":72,"column":1}},"1":{"start":{"line":11,"column":4},"end":{"line":15,"column":7}},"2":{"start":{"line":12,"column":6},"end":{"line":15,"column":7}},"3":{"start":{"line":17,"column":4},"end":{"line":17,"column":73}},"4":{"start":{"line":19,"column":4},"end":{"line":20,"column":69}},"5":{"start":{"line":20,"column":6},"end":{"line":20,"column":69}},"6":{"start":{"line":22,"column":28},"end":{"line":24,"column":5}},"7":{"start":{"line":26,"column":28},"end":{"line":26,"column":36}},"8":{"start":{"line":28,"column":21},"end":{"line":28,"column":38}},"9":{"start":{"line":30,"column":20},"end":{"line":34,"column":6}},"10":{"start":{"line":36,"column":4},"end":{"line":45,"column":6}},"11":{"start":{"line":49,"column":4},"end":{"line":53,"column":7}},"12":{"start":{"line":50,"column":6},"end":{"line":53,"column":7}},"13":{"start":{"line":55,"column":4},"end":{"line":56,"column":63}},"14":{"start":{"line":56,"column":6},"end":{"line":56,"column":63}},"15":{"start":{"line":58,"column":28},"end":{"line":60,"column":5}},"16":{"start":{"line":62,"column":17},"end":{"line":62,"column":68}},"17":{"start":{"line":64,"column":4},"end":{"line":66,"column":5}},"18":{"start":{"line":65,"column":6},"end":{"line":65,"column":65}},"19":{"start":{"line":68,"column":4},"end":{"line":68,"column":58}},"20":{"start":{"line":70,"column":4},"end":{"line":70,"column":79}}},"fnMap":{"0":{"name":"(anonymous_0)","decl":{"start":{"line":10,"column":2},"end":{"line":10,"column":3}},"loc":{"start":{"line":10,"column":44},"end":{"line":46,"column":3}},"line":10},"1":{"name":"(anonymous_1)","decl":{"start":{"line":48,"column":2},"end":{"line":48,"column":3}},"loc":{"start":{"line":48,"column":44},"end":{"line":71,"column":3}},"line":48}},"branchMap":{"0":{"loc":{"start":{"line":11,"column":4},"end":{"line":15,"column":7}},"type":"if","locations":[{"start":{"line":11,"column":4},"end":{"line":15,"column":7}},{"start":{"line":11,"column":4},"end":{"line":15,"column":7}}],"line":11},"1":{"loc":{"start":{"line":19,"column":4},"end":{"line":20,"column":69}},"type":"if","locations":[{"start":{"line":19,"column":4},"end":{"line":20,"column":69}},{"start":{"line":19,"column":4},"end":{"line":20,"column":69}}],"line":19},"2":{"loc":{"start":{"line":49,"column":4},"end":{"line":53,"column":7}},"type":"if","locations":[{"start":{"line":49,"column":4},"end":{"line":53,"column":7}},{"start":{"line":49,"column":4},"end":{"line":53,"column":7}}],"line":49},"3":{"loc":{"start":{"line":55,"column":4},"end":{"line":56,"column":63}},"type":"if","locations":[{"start":{"line":55,"column":4},"end":{"line":56,"column":63}},{"start":{"line":55,"column":4},"end":{"line":56,"column":63}}],"line":55},"4":{"loc":{"start":{"line":64,"column":4},"end":{"line":66,"column":5}},"type":"if","locations":[{"start":{"line":64,"column":4},"end":{"line":66,"column":5}},{"start":{"line":64,"column":4},"end":{"line":66,"column":5}}],"line":64}},"s":{"0":1,"1":0,"2":0,"3":0,"4":0,"5":0,"6":0,"7":0,"8":0,"9":0,"10":0,"11":0,"12":0,"13":0,"14":0,"15":0,"16":0,"17":0,"18":0,"19":0,"20":0},"f":{"0":0,"1":0},"b":{"0":[0,0],"1":[0,0],"2":[0,0],"3":[0,0],"4":[0,0]},"_coverageSchema":"1a1c01bbd47fc00a2c39e90264f33305004495a9","hash":"5f4c6ba41e83d637b595dc32788829ae40fce276"}
,"C:\\Users\\marlo\\Desktop\\instagram\\src\\controllers\\http\\users.controller.ts": {"path":"C:\\Users\\marlo\\Desktop\\instagram\\src\\controllers\\http\\users.controller.ts","statementMap":{"0":{"start":{"line":10,"column":24},"end":{"line":122,"column":1}},"1":{"start":{"line":12,"column":4},"end":{"line":12,"column":73}},"2":{"start":{"line":14,"column":68},"end":{"line":14,"column":76}},"3":{"start":{"line":16,"column":4},"end":{"line":16,"column":39}},"4":{"start":{"line":18,"column":21},"end":{"line":18,"column":68}},"5":{"start":{"line":20,"column":21},"end":{"line":25,"column":6}},"6":{"start":{"line":27,"column":18},"end":{"line":27,"column":62}},"7":{"start":{"line":29,"column":4},"end":{"line":41,"column":6}},"8":{"start":{"line":45,"column":4},"end":{"line":45,"column":72}},"9":{"start":{"line":47,"column":35},"end":{"line":47,"column":43}},"10":{"start":{"line":49,"column":21},"end":{"line":49,"column":55}},"11":{"start":{"line":50,"column":4},"end":{"line":50,"column":62}},"12":{"start":{"line":50,"column":19},"end":{"line":50,"column":62}},"13":{"start":{"line":52,"column":26},"end":{"line":52,"column":75}},"14":{"start":{"line":53,"column":4},"end":{"line":53,"column":65}},"15":{"start":{"line":53,"column":24},"end":{"line":53,"column":65}},"16":{"start":{"line":55,"column":18},"end":{"line":55,"column":62}},"17":{"start":{"line":57,"column":4},"end":{"line":69,"column":6}},"18":{"start":{"line":73,"column":4},"end":{"line":73,"column":73}},"19":{"start":{"line":75,"column":26},"end":{"line":75,"column":34}},"20":{"start":{"line":77,"column":4},"end":{"line":81,"column":7}},"21":{"start":{"line":78,"column":6},"end":{"line":81,"column":7}},"22":{"start":{"line":83,"column":19},"end":{"line":85,"column":5}},"23":{"start":{"line":87,"column":25},"end":{"line":87,"column":40}},"24":{"start":{"line":88,"column":4},"end":{"line":89,"column":75}},"25":{"start":{"line":89,"column":6},"end":{"line":89,"column":75}},"26":{"start":{"line":91,"column":21},"end":{"line":91,"column":67}},"27":{"start":{"line":93,"column":18},"end":{"line":93,"column":62}},"28":{"start":{"line":95,"column":4},"end":{"line":104,"column":6}},"29":{"start":{"line":108,"column":4},"end":{"line":112,"column":7}},"30":{"start":{"line":109,"column":6},"end":{"line":112,"column":7}},"31":{"start":{"line":114,"column":19},"end":{"line":116,"column":5}},"32":{"start":{"line":118,"column":4},"end":{"line":118,"column":33}},"33":{"start":{"line":120,"column":4},"end":{"line":120,"column":77}}},"fnMap":{"0":{"name":"(anonymous_0)","decl":{"start":{"line":11,"column":2},"end":{"line":11,"column":3}},"loc":{"start":{"line":11,"column":44},"end":{"line":42,"column":3}},"line":11},"1":{"name":"(anonymous_1)","decl":{"start":{"line":44,"column":2},"end":{"line":44,"column":3}},"loc":{"start":{"line":44,"column":43},"end":{"line":70,"column":3}},"line":44},"2":{"name":"(anonymous_2)","decl":{"start":{"line":72,"column":2},"end":{"line":72,"column":3}},"loc":{"start":{"line":72,"column":44},"end":{"line":105,"column":3}},"line":72},"3":{"name":"(anonymous_3)","decl":{"start":{"line":107,"column":2},"end":{"line":107,"column":3}},"loc":{"start":{"line":107,"column":44},"end":{"line":121,"column":3}},"line":107}},"branchMap":{"0":{"loc":{"start":{"line":50,"column":4},"end":{"line":50,"column":62}},"type":"if","locations":[{"start":{"line":50,"column":4},"end":{"line":50,"column":62}},{"start":{"line":50,"column":4},"end":{"line":50,"column":62}}],"line":50},"1":{"loc":{"start":{"line":53,"column":4},"end":{"line":53,"column":65}},"type":"if","locations":[{"start":{"line":53,"column":4},"end":{"line":53,"column":65}},{"start":{"line":53,"column":4},"end":{"line":53,"column":65}}],"line":53},"2":{"loc":{"start":{"line":77,"column":4},"end":{"line":81,"column":7}},"type":"if","locations":[{"start":{"line":77,"column":4},"end":{"line":81,"column":7}},{"start":{"line":77,"column":4},"end":{"line":81,"column":7}}],"line":77},"3":{"loc":{"start":{"line":88,"column":4},"end":{"line":89,"column":75}},"type":"if","locations":[{"start":{"line":88,"column":4},"end":{"line":89,"column":75}},{"start":{"line":88,"column":4},"end":{"line":89,"column":75}}],"line":88},"4":{"loc":{"start":{"line":108,"column":4},"end":{"line":112,"column":7}},"type":"if","locations":[{"start":{"line":108,"column":4},"end":{"line":112,"column":7}},{"start":{"line":108,"column":4},"end":{"line":112,"column":7}}],"line":108}},"s":{"0":1,"1":8,"2":4,"3":4,"4":3,"5":3,"6":3,"7":3,"8":0,"9":0,"10":0,"11":0,"12":0,"13":0,"14":0,"15":0,"16":0,"17":0,"18":1,"19":1,"20":1,"21":0,"22":1,"23":1,"24":1,"25":1,"26":1,"27":1,"28":1,"29":0,"30":0,"31":0,"32":0,"33":0},"f":{"0":8,"1":0,"2":1,"3":0},"b":{"0":[0,0],"1":[0,0],"2":[0,1],"3":[1,0],"4":[0,0]},"_coverageSchema":"1a1c01bbd47fc00a2c39e90264f33305004495a9","hash":"5fc954e6a2ea1f82f7bc240b336b625da76a64a7"}
,"C:\\Users\\marlo\\Desktop\\instagram\\src\\errors\\index.ts": {"path":"C:\\Users\\marlo\\Desktop\\instagram\\src\\errors\\index.ts","statementMap":{"0":{"start":{"line":13,"column":4},"end":{"line":13,"column":18}},"1":{"start":{"line":14,"column":4},"end":{"line":14,"column":26}},"2":{"start":{"line":18,"column":43},"end":{"line":35,"column":1}},"3":{"start":{"line":19,"column":2},"end":{"line":20,"column":68}},"4":{"start":{"line":20,"column":4},"end":{"line":20,"column":68}},"5":{"start":{"line":22,"column":2},"end":{"line":30,"column":3}},"6":{"start":{"line":23,"column":37},"end":{"line":23,"column":39}},"7":{"start":{"line":25,"column":4},"end":{"line":27,"column":6}},"8":{"start":{"line":26,"column":6},"end":{"line":26,"column":49}},"9":{"start":{"line":29,"column":4},"end":{"line":29,"column":73}},"10":{"start":{"line":33,"column":2},"end":{"line":33,"column":18}},"11":{"start":{"line":34,"column":2},"end":{"line":34,"column":79}}},"fnMap":{"0":{"name":"(anonymous_0)","decl":{"start":{"line":12,"column":2},"end":{"line":12,"column":3}},"loc":{"start":{"line":12,"column":45},"end":{"line":15,"column":3}},"line":12},"1":{"name":"(anonymous_1)","decl":{"start":{"line":18,"column":43},"end":{"line":18,"column":44}},"loc":{"start":{"line":18,"column":68},"end":{"line":35,"column":1}},"line":18},"2":{"name":"(anonymous_2)","decl":{"start":{"line":25,"column":22},"end":{"line":25,"column":23}},"loc":{"start":{"line":25,"column":31},"end":{"line":27,"column":5}},"line":25}},"branchMap":{"0":{"loc":{"start":{"line":19,"column":2},"end":{"line":20,"column":68}},"type":"if","locations":[{"start":{"line":19,"column":2},"end":{"line":20,"column":68}},{"start":{"line":19,"column":2},"end":{"line":20,"column":68}}],"line":19},"1":{"loc":{"start":{"line":22,"column":2},"end":{"line":30,"column":3}},"type":"if","locations":[{"start":{"line":22,"column":2},"end":{"line":30,"column":3}},{"start":{"line":22,"column":2},"end":{"line":30,"column":3}}],"line":22},"2":{"loc":{"start":{"line":26,"column":6},"end":{"line":26,"column":49}},"type":"binary-expr","locations":[{"start":{"line":26,"column":6},"end":{"line":26,"column":14}},{"start":{"line":26,"column":19},"end":{"line":26,"column":48}}],"line":26}},"s":{"0":1,"1":1,"2":1,"3":5,"4":1,"5":4,"6":4,"7":4,"8":4,"9":4,"10":0,"11":0},"f":{"0":1,"1":5,"2":4},"b":{"0":[1,4],"1":[4,0],"2":[4,4]},"_coverageSchema":"1a1c01bbd47fc00a2c39e90264f33305004495a9","hash":"1d3965ba2ff16d49caceb4503a9dca0976a5087a"}
,"C:\\Users\\marlo\\Desktop\\instagram\\src\\models\\comments.model.ts": {"path":"C:\\Users\\marlo\\Desktop\\instagram\\src\\models\\comments.model.ts","statementMap":{"0":{"start":{"line":3,"column":22},"end":{"line":20,"column":2}},"1":{"start":{"line":22,"column":16},"end":{"line":22,"column":47}}},"fnMap":{},"branchMap":{},"s":{"0":1,"1":1},"f":{},"b":{},"_coverageSchema":"1a1c01bbd47fc00a2c39e90264f33305004495a9","hash":"9cd503942ae39afe4d13c99bdb1ba602c006ee9f"}
,"C:\\Users\\marlo\\Desktop\\instagram\\src\\models\\posts.model.ts": {"path":"C:\\Users\\marlo\\Desktop\\instagram\\src\\models\\posts.model.ts","statementMap":{"0":{"start":{"line":3,"column":19},"end":{"line":33,"column":2}},"1":{"start":{"line":35,"column":13},"end":{"line":35,"column":38}}},"fnMap":{},"branchMap":{},"s":{"0":1,"1":1},"f":{},"b":{},"_coverageSchema":"1a1c01bbd47fc00a2c39e90264f33305004495a9","hash":"524a06846ae50eeb41a232f353bbb20fa5dd77ba"}
,"C:\\Users\\marlo\\Desktop\\instagram\\src\\models\\users.model.ts": {"path":"C:\\Users\\marlo\\Desktop\\instagram\\src\\models\\users.model.ts","statementMap":{"0":{"start":{"line":3,"column":19},"end":{"line":49,"column":2}},"1":{"start":{"line":51,"column":13},"end":{"line":51,"column":38}}},"fnMap":{},"branchMap":{},"s":{"0":1,"1":1},"f":{},"b":{},"_coverageSchema":"1a1c01bbd47fc00a2c39e90264f33305004495a9","hash":"baf7851fa114be65ae4648c55e28f3a3be9c65e8"}
,"C:\\Users\\marlo\\Desktop\\instagram\\src\\routes\\comments.routes.ts": {"path":"C:\\Users\\marlo\\Desktop\\instagram\\src\\routes\\comments.routes.ts","statementMap":{"0":{"start":{"line":5,"column":23},"end":{"line":5,"column":31}},"1":{"start":{"line":7,"column":0},"end":{"line":7,"column":51}}},"fnMap":{},"branchMap":{},"s":{"0":1,"1":1},"f":{},"b":{},"_coverageSchema":"1a1c01bbd47fc00a2c39e90264f33305004495a9","hash":"dccde2384a3b0481a0e892e13e878a69baf633a2"}
,"C:\\Users\\marlo\\Desktop\\instagram\\src\\routes\\index.ts": {"path":"C:\\Users\\marlo\\Desktop\\instagram\\src\\routes\\index.ts","statementMap":{"0":{"start":{"line":7,"column":15},"end":{"line":7,"column":23}},"1":{"start":{"line":9,"column":0},"end":{"line":9,"column":33}},"2":{"start":{"line":10,"column":0},"end":{"line":10,"column":33}},"3":{"start":{"line":11,"column":0},"end":{"line":11,"column":39}}},"fnMap":{},"branchMap":{},"s":{"0":1,"1":1,"2":1,"3":1},"f":{},"b":{},"_coverageSchema":"1a1c01bbd47fc00a2c39e90264f33305004495a9","hash":"5f536da767a02e6bb9ed04e0b2957fe6cd5eb105"}
,"C:\\Users\\marlo\\Desktop\\instagram\\src\\routes\\posts.routes.ts": {"path":"C:\\Users\\marlo\\Desktop\\instagram\\src\\routes\\posts.routes.ts","statementMap":{"0":{"start":{"line":7,"column":20},"end":{"line":7,"column":28}},"1":{"start":{"line":9,"column":0},"end":{"line":13,"column":1}},"2":{"start":{"line":14,"column":0},"end":{"line":14,"column":47}}},"fnMap":{},"branchMap":{},"s":{"0":1,"1":1,"2":1},"f":{},"b":{},"_coverageSchema":"1a1c01bbd47fc00a2c39e90264f33305004495a9","hash":"75f4258b19d4c8b1cf2492489d326c84024d7a66"}
,"C:\\Users\\marlo\\Desktop\\instagram\\src\\routes\\users.routes.ts": {"path":"C:\\Users\\marlo\\Desktop\\instagram\\src\\routes\\users.routes.ts","statementMap":{"0":{"start":{"line":5,"column":20},"end":{"line":5,"column":28}},"1":{"start":{"line":7,"column":0},"end":{"line":7,"column":45}},"2":{"start":{"line":8,"column":0},"end":{"line":8,"column":49}},"3":{"start":{"line":9,"column":0},"end":{"line":9,"column":44}},"4":{"start":{"line":10,"column":0},"end":{"line":10,"column":47}}},"fnMap":{},"branchMap":{},"s":{"0":1,"1":1,"2":1,"3":1,"4":1},"f":{},"b":{},"_coverageSchema":"1a1c01bbd47fc00a2c39e90264f33305004495a9","hash":"992754594db251d768709e001e6514be7070eff2"}
,"C:\\Users\\marlo\\Desktop\\instagram\\src\\services\\comments.service.ts": {"path":"C:\\Users\\marlo\\Desktop\\instagram\\src\\services\\comments.service.ts","statementMap":{"0":{"start":{"line":5,"column":23},"end":{"line":10,"column":1}},"1":{"start":{"line":7,"column":23},"end":{"line":7,"column":52}},"2":{"start":{"line":8,"column":4},"end":{"line":8,"column":21}}},"fnMap":{"0":{"name":"(anonymous_0)","decl":{"start":{"line":6,"column":2},"end":{"line":6,"column":3}},"loc":{"start":{"line":6,"column":64},"end":{"line":9,"column":3}},"line":6}},"branchMap":{},"s":{"0":1,"1":0,"2":0},"f":{"0":0},"b":{},"_coverageSchema":"1a1c01bbd47fc00a2c39e90264f33305004495a9","hash":"990b78fdc511a3c2f499b6cbd099089de4b11c7c"}
,"C:\\Users\\marlo\\Desktop\\instagram\\src\\services\\index.ts": {"path":"C:\\Users\\marlo\\Desktop\\instagram\\src\\services\\index.ts","statementMap":{},"fnMap":{},"branchMap":{},"s":{},"f":{},"b":{},"_coverageSchema":"1a1c01bbd47fc00a2c39e90264f33305004495a9","hash":"7d70ab450149e9d197ef2fcc2d8953875adc072a"}
,"C:\\Users\\marlo\\Desktop\\instagram\\src\\services\\posts.service.ts": {"path":"C:\\Users\\marlo\\Desktop\\instagram\\src\\services\\posts.service.ts","statementMap":{"0":{"start":{"line":7,"column":21},"end":{"line":25,"column":1}},"1":{"start":{"line":9,"column":20},"end":{"line":9,"column":43}},"2":{"start":{"line":10,"column":4},"end":{"line":10,"column":18}},"3":{"start":{"line":14,"column":4},"end":{"line":19,"column":5}},"4":{"start":{"line":15,"column":19},"end":{"line":15,"column":50}},"5":{"start":{"line":16,"column":6},"end":{"line":16,"column":17}},"6":{"start":{"line":18,"column":6},"end":{"line":18,"column":56}},"7":{"start":{"line":23,"column":17},"end":{"line":23,"column":50}}},"fnMap":{"0":{"name":"(anonymous_0)","decl":{"start":{"line":8,"column":2},"end":{"line":8,"column":3}},"loc":{"start":{"line":8,"column":31},"end":{"line":11,"column":3}},"line":8},"1":{"name":"(anonymous_1)","decl":{"start":{"line":13,"column":2},"end":{"line":13,"column":3}},"loc":{"start":{"line":13,"column":24},"end":{"line":20,"column":3}},"line":13},"2":{"name":"(anonymous_2)","decl":{"start":{"line":22,"column":2},"end":{"line":22,"column":3}},"loc":{"start":{"line":22,"column":27},"end":{"line":24,"column":3}},"line":22}},"branchMap":{},"s":{"0":1,"1":0,"2":0,"3":0,"4":0,"5":0,"6":0,"7":0},"f":{"0":0,"1":0,"2":0},"b":{},"_coverageSchema":"1a1c01bbd47fc00a2c39e90264f33305004495a9","hash":"d02e643483d7087d36776b291c2f85e3e6369994"}
,"C:\\Users\\marlo\\Desktop\\instagram\\src\\services\\users.service.ts": {"path":"C:\\Users\\marlo\\Desktop\\instagram\\src\\services\\users.service.ts","statementMap":{"0":{"start":{"line":7,"column":21},"end":{"line":44,"column":1}},"1":{"start":{"line":9,"column":24},"end":{"line":9,"column":51}},"2":{"start":{"line":10,"column":4},"end":{"line":10,"column":22}},"3":{"start":{"line":14,"column":21},"end":{"line":14,"column":53}},"4":{"start":{"line":15,"column":4},"end":{"line":15,"column":19}},"5":{"start":{"line":19,"column":21},"end":{"line":23,"column":5}},"6":{"start":{"line":25,"column":4},"end":{"line":25,"column":19}},"7":{"start":{"line":29,"column":4},"end":{"line":29,"column":37}},"8":{"start":{"line":30,"column":4},"end":{"line":30,"column":10}},"9":{"start":{"line":34,"column":17},"end":{"line":34,"column":49}},"10":{"start":{"line":36,"column":4},"end":{"line":40,"column":7}},"11":{"start":{"line":37,"column":6},"end":{"line":40,"column":7}},"12":{"start":{"line":42,"column":4},"end":{"line":42,"column":10}}},"fnMap":{"0":{"name":"(anonymous_0)","decl":{"start":{"line":8,"column":2},"end":{"line":8,"column":3}},"loc":{"start":{"line":8,"column":51},"end":{"line":11,"column":3}},"line":8},"1":{"name":"(anonymous_1)","decl":{"start":{"line":13,"column":2},"end":{"line":13,"column":3}},"loc":{"start":{"line":13,"column":48},"end":{"line":16,"column":3}},"line":13},"2":{"name":"(anonymous_2)","decl":{"start":{"line":18,"column":2},"end":{"line":18,"column":3}},"loc":{"start":{"line":18,"column":63},"end":{"line":26,"column":3}},"line":18},"3":{"name":"(anonymous_3)","decl":{"start":{"line":28,"column":2},"end":{"line":28,"column":3}},"loc":{"start":{"line":28,"column":27},"end":{"line":31,"column":3}},"line":28},"4":{"name":"(anonymous_4)","decl":{"start":{"line":33,"column":2},"end":{"line":33,"column":3}},"loc":{"start":{"line":33,"column":33},"end":{"line":43,"column":3}},"line":33}},"branchMap":{"0":{"loc":{"start":{"line":36,"column":4},"end":{"line":40,"column":7}},"type":"if","locations":[{"start":{"line":36,"column":4},"end":{"line":40,"column":7}},{"start":{"line":36,"column":4},"end":{"line":40,"column":7}}],"line":36}},"s":{"0":1,"1":3,"2":3,"3":0,"4":0,"5":1,"6":1,"7":0,"8":0,"9":4,"10":4,"11":1,"12":3},"f":{"0":3,"1":0,"2":1,"3":0,"4":4},"b":{"0":[1,3]},"_coverageSchema":"1a1c01bbd47fc00a2c39e90264f33305004495a9","hash":"806489b781235eae03d6b661a1ea0be675de2800"}
,"C:\\Users\\marlo\\Desktop\\instagram\\src\\utils\\token.ts": {"path":"C:\\Users\\marlo\\Desktop\\instagram\\src\\utils\\token.ts","statementMap":{"0":{"start":{"line":5,"column":28},"end":{"line":17,"column":1}},"1":{"start":{"line":7,"column":18},"end":{"line":9,"column":6}},"2":{"start":{"line":10,"column":4},"end":{"line":10,"column":16}},"3":{"start":{"line":14,"column":20},"end":{"line":14,"column":78}},"4":{"start":{"line":15,"column":4},"end":{"line":15,"column":18}}},"fnMap":{"0":{"name":"(anonymous_0)","decl":{"start":{"line":6,"column":2},"end":{"line":6,"column":3}},"loc":{"start":{"line":6,"column":32},"end":{"line":11,"column":3}},"line":6},"1":{"name":"(anonymous_1)","decl":{"start":{"line":13,"column":2},"end":{"line":13,"column":3}},"loc":{"start":{"line":13,"column":42},"end":{"line":16,"column":3}},"line":13}},"branchMap":{},"s":{"0":1,"1":4,"2":4,"3":1,"4":1},"f":{"0":4,"1":1},"b":{},"_coverageSchema":"1a1c01bbd47fc00a2c39e90264f33305004495a9","hash":"28a8163f39d69428c7544968a472b39a3ea0ca94"}
,"C:\\Users\\marlo\\Desktop\\instagram\\src\\validators\\comments.validator.ts": {"path":"C:\\Users\\marlo\\Desktop\\instagram\\src\\validators\\comments.validator.ts","statementMap":{"0":{"start":{"line":3,"column":26},"end":{"line":8,"column":1}}},"fnMap":{},"branchMap":{},"s":{"0":1},"f":{},"b":{},"_coverageSchema":"1a1c01bbd47fc00a2c39e90264f33305004495a9","hash":"04fdef33dfa3df25439039ed21ac182755b54435"}
,"C:\\Users\\marlo\\Desktop\\instagram\\src\\validators\\index.ts": {"path":"C:\\Users\\marlo\\Desktop\\instagram\\src\\validators\\index.ts","statementMap":{},"fnMap":{},"branchMap":{},"s":{},"f":{},"b":{},"_coverageSchema":"1a1c01bbd47fc00a2c39e90264f33305004495a9","hash":"27f98d621dfbf7ec955a38f3d245325b66bd06db"}
,"C:\\Users\\marlo\\Desktop\\instagram\\src\\validators\\posts.validator.ts": {"path":"C:\\Users\\marlo\\Desktop\\instagram\\src\\validators\\posts.validator.ts","statementMap":{"0":{"start":{"line":3,"column":23},"end":{"line":7,"column":1}}},"fnMap":{},"branchMap":{},"s":{"0":1},"f":{},"b":{},"_coverageSchema":"1a1c01bbd47fc00a2c39e90264f33305004495a9","hash":"52a9eeb7ad938623c6f3ddc0b79eb57b2a5b722b"}
,"C:\\Users\\marlo\\Desktop\\instagram\\src\\validators\\users.validator.ts": {"path":"C:\\Users\\marlo\\Desktop\\instagram\\src\\validators\\users.validator.ts","statementMap":{"0":{"start":{"line":3,"column":23},"end":{"line":32,"column":1}}},"fnMap":{},"branchMap":{},"s":{"0":1},"f":{},"b":{},"_coverageSchema":"1a1c01bbd47fc00a2c39e90264f33305004495a9","hash":"79b930e04468c8262ea579faa0ed22adc2321a7c"}
,"C:\\Users\\marlo\\Desktop\\instagram\\tests\\db.ts": {"path":"C:\\Users\\marlo\\Desktop\\instagram\\tests\\db.ts","statementMap":{"0":{"start":{"line":4,"column":15},"end":{"line":4,"column":38}},"1":{"start":{"line":6,"column":11},"end":{"line":33,"column":1}},"2":{"start":{"line":8,"column":16},"end":{"line":8,"column":37}},"3":{"start":{"line":10,"column":4},"end":{"line":16,"column":6}},"4":{"start":{"line":20,"column":4},"end":{"line":20,"column":44}},"5":{"start":{"line":21,"column":4},"end":{"line":21,"column":37}},"6":{"start":{"line":22,"column":4},"end":{"line":22,"column":23}},"7":{"start":{"line":26,"column":24},"end":{"line":26,"column":55}},"8":{"start":{"line":28,"column":4},"end":{"line":31,"column":5}},"9":{"start":{"line":29,"column":25},"end":{"line":29,"column":41}},"10":{"start":{"line":30,"column":6},"end":{"line":30,"column":37}}},"fnMap":{"0":{"name":"(anonymous_0)","decl":{"start":{"line":7,"column":2},"end":{"line":7,"column":3}},"loc":{"start":{"line":7,"column":18},"end":{"line":17,"column":3}},"line":7},"1":{"name":"(anonymous_1)","decl":{"start":{"line":19,"column":2},"end":{"line":19,"column":3}},"loc":{"start":{"line":19,"column":24},"end":{"line":23,"column":3}},"line":19},"2":{"name":"(anonymous_2)","decl":{"start":{"line":25,"column":2},"end":{"line":25,"column":3}},"loc":{"start":{"line":25,"column":24},"end":{"line":32,"column":3}},"line":25}},"branchMap":{},"s":{"0":1,"1":1,"2":1,"3":1,"4":1,"5":1,"6":1,"7":7,"8":7,"9":21,"10":21},"f":{"0":1,"1":1,"2":7},"b":{},"_coverageSchema":"1a1c01bbd47fc00a2c39e90264f33305004495a9","hash":"a5219c3c2624b1e35c6ac95efcf41c47380202c6"}
,"C:\\Users\\marlo\\Desktop\\instagram\\tests\\helpers\\functions.ts": {"path":"C:\\Users\\marlo\\Desktop\\instagram\\tests\\helpers\\functions.ts","statementMap":{"0":{"start":{"line":7,"column":16},"end":{"line":7,"column":38}},"1":{"start":{"line":8,"column":20},"end":{"line":8,"column":41}},"2":{"start":{"line":9,"column":19},"end":{"line":9,"column":44}},"3":{"start":{"line":10,"column":19},"end":{"line":10,"column":44}},"4":{"start":{"line":12,"column":19},"end":{"line":14,"column":51}},"5":{"start":{"line":16,"column":2},"end":{"line":16,"column":22}},"6":{"start":{"line":20,"column":20},"end":{"line":20,"column":41}},"7":{"start":{"line":22,"column":19},"end":{"line":26,"column":54}},"8":{"start":{"line":28,"column":18},"end":{"line":28,"column":34}},"9":{"start":{"line":29,"column":2},"end":{"line":29,"column":16}}},"fnMap":{"0":{"name":"signupUser","decl":{"start":{"line":6,"column":15},"end":{"line":6,"column":25}},"loc":{"start":{"line":6,"column":64},"end":{"line":17,"column":1}},"line":6},"1":{"name":"createPost","decl":{"start":{"line":19,"column":15},"end":{"line":19,"column":25}},"loc":{"start":{"line":19,"column":48},"end":{"line":30,"column":1}},"line":19}},"branchMap":{},"s":{"0":1,"1":1,"2":1,"3":1,"4":1,"5":1,"6":0,"7":0,"8":0,"9":0},"f":{"0":1,"1":0},"b":{},"_coverageSchema":"1a1c01bbd47fc00a2c39e90264f33305004495a9","hash":"c1f94b291c52707c18213c8b7fe0d1f250471960"}
}
